#
# A fatal error has been detected by the Java Runtime Environment:
#
#  EXCEPTION_ACCESS_VIOLATION (0xc0000005) at pc=0x5ac2687a, pid=2116, tid=0x00000980
#
# JRE version: Java(TM) SE Runtime Environment (8.0_111-b14) (build 1.8.0_111-b14)
# Java VM: Java HotSpot(TM) Client VM (25.111-b14 mixed mode windows-x86 )
# Problematic frame:
# V  [jvm.dll+0x2687a]
#
# Failed to write core dump. Minidumps are not enabled by default on client versions of Windows
#
# If you would like to submit a bug report, please visit:
#   http://bugreport.java.com/bugreport/crash.jsp
#

---------------  T H R E A D  ---------------

Current thread (0x4442a000):  JavaThread "C1 CompilerThread0" daemon [_thread_in_native, id=2432, stack(0x01820000,0x01870000)]

siginfo: ExceptionCode=0xc0000005, reading address 0x80304664

Registers:
EAX=0x80304660, EBX=0x00430001, ECX=0x46f04e4e, EDX=0x00004300
ESP=0x0186f4a0, EBP=0x0186f4a8, ESI=0x46f04e4e, EDI=0x46f04e4e
EIP=0x5ac2687a, EFLAGS=0x00010286

Top of Stack: (sp=0x0186f4a0)
0x0186f4a0:   001d0000 46f04dd3 0186f504 5ac26b50
0x0186f4b0:   00430001 46f04f0e 46f04ce6 46f04e4e
0x0186f4c0:   46f04ce6 46f04ab6 46f04dc7 00000000
0x0186f4d0:   46f04dca 46f04dc6 46f04de6 46f04de2
0x0186f4e0:   000000ab 000000e4 46f04dc7 00000004
0x0186f4f0:   0186fc4c 0186f530 00004300 00000020
0x0186f500:   46f04f0e 0186f530 5ac26ecd 46f04ce6
0x0186f510:   0186fc4c 00000020 4424d158 00000001 

Instructions: (pc=0x5ac2687a)
0x5ac2685a:   00 8b 06 8b 56 10 8d 48 01 89 0e 8b 4d 08 89 1c
0x5ac2686a:   82 8b 47 0c 5e 89 1c 88 5f 8b c3 5b 5d c2 04 00
0x5ac2687a:   39 58 04 74 06 53 e8 5b fe ff ff 5f 5b 5d c2 04
0x5ac2688a:   00 cc cc cc cc cc 55 8b ec 83 ec 44 53 56 8b f1 


Register to memory mapping:

EAX=0x80304660 is an unknown value
EBX=0x00430001 is an unknown value
ECX=0x46f04e4e is an unknown value
EDX=0x00004300 is an unknown value
ESP=0x0186f4a0 is pointing into the stack for thread: 0x4442a000
EBP=0x0186f4a8 is pointing into the stack for thread: 0x4442a000
ESI=0x46f04e4e is an unknown value
EDI=0x46f04e4e is an unknown value


Stack: [0x01820000,0x01870000],  sp=0x0186f4a0,  free space=317k
Native frames: (J=compiled Java code, j=interpreted, Vv=VM code, C=native code)
V  [jvm.dll+0x2687a]
V  [jvm.dll+0x26b50]
V  [jvm.dll+0x26ecd]
V  [jvm.dll+0x246ea]
V  [jvm.dll+0x75f73]
V  [jvm.dll+0x24ceb]
V  [jvm.dll+0x290178]
V  [jvm.dll+0x294210]
V  [jvm.dll+0x2960a8]
V  [jvm.dll+0x29867d]
V  [jvm.dll+0x298b27]
V  [jvm.dll+0x295532]
V  [jvm.dll+0x297716]
V  [jvm.dll+0x298136]
V  [jvm.dll+0x29c11d]
V  [jvm.dll+0x29c26b]
V  [jvm.dll+0x2898a2]
V  [jvm.dll+0x289a8b]
V  [jvm.dll+0x289bda]
V  [jvm.dll+0x289d48]
V  [jvm.dll+0x289fc2]
V  [jvm.dll+0x7001a]
V  [jvm.dll+0x707cf]
V  [jvm.dll+0x17d6f0]
V  [jvm.dll+0x17df6a]
V  [jvm.dll+0x1c29c6]
C  [msvcr100.dll+0x5c556]
C  [msvcr100.dll+0x5c600]
C  [kernel32.dll+0x53c45]
C  [ntdll.dll+0x637f5]
C  [ntdll.dll+0x637c8]
C  0x00000000


Current CompileTask:
C1:  14974 2831             java.util.Formatter$FormatSpecifier::<init> (246 bytes)


---------------  P R O C E S S  ---------------

Java Threads: ( => current thread )
  0x4602ac00 JavaThread "Memory manager" [_thread_blocked, id=4088, stack(0x48230000,0x48280000)]
  0x4602a800 JavaThread "build operations Thread 4" [_thread_blocked, id=3860, stack(0x470d0000,0x47120000)]
  0x4602a000 JavaThread "build operations Thread 3" [_thread_blocked, id=2720, stack(0x47900000,0x47950000)]
  0x46029c00 JavaThread "build operations Thread 2" [_thread_blocked, id=3672, stack(0x47de0000,0x47e30000)]
  0x46029400 JavaThread "build operations" [_thread_blocked, id=3404, stack(0x45c60000,0x45cb0000)]
  0x46028c00 JavaThread "Cache worker for Artifact transforms cache (C:\Users\Jiyan\.gradle\caches\transforms-1)" [_thread_blocked, id=2692, stack(0x479a0000,0x479f0000)]
  0x46028000 JavaThread "Cache worker for file hash cache (D:\Twork\VidStatus2k18\.gradle\4.1\fileHashes)" [_thread_blocked, id=1812, stack(0x47170000,0x471c0000)]
  0x46027c00 JavaThread "File lock request listener" [_thread_in_native, id=2896, stack(0x47120000,0x47170000)]
  0x46027400 JavaThread "Cache worker for file hash cache (C:\Users\Jiyan\.gradle\caches\4.1\fileHashes)" [_thread_blocked, id=4084, stack(0x45da0000,0x45df0000)]
  0x45678c00 JavaThread "Stdin handler" [_thread_blocked, id=3540, stack(0x45d50000,0x45da0000)]
  0x45678400 JavaThread "Asynchronous log dispatcher for DefaultDaemonConnection: socket connection from /127.0.0.1:49474 to /127.0.0.1:49475" [_thread_blocked, id=3620, stack(0x03b80000,0x03bd0000)]
  0x4565e800 JavaThread "Daemon worker" [_thread_in_Java, id=2196, stack(0x45a00000,0x45a50000)]
  0x45618400 JavaThread "Cancel handler" [_thread_blocked, id=1784, stack(0x45e70000,0x45ec0000)]
  0x45617c00 JavaThread "Handler for socket connection from /127.0.0.1:49474 to /127.0.0.1:49475" [_thread_in_native, id=2312, stack(0x45900000,0x45950000)]
  0x455ce000 JavaThread "Daemon" [_thread_blocked, id=1672, stack(0x45e20000,0x45e70000)]
  0x455c9800 JavaThread "Daemon periodic checks" [_thread_blocked, id=2532, stack(0x45cf0000,0x45d40000)]
  0x455c9000 JavaThread "Incoming local TCP Connector on port 49474" [_thread_in_native, id=2284, stack(0x45970000,0x459c0000)]
  0x4555c800 JavaThread "Daemon health stats" [_thread_blocked, id=2028, stack(0x44800000,0x44850000)]
  0x44430400 JavaThread "Service Thread" daemon [_thread_blocked, id=1756, stack(0x44730000,0x44780000)]
=>0x4442a000 JavaThread "C1 CompilerThread0" daemon [_thread_in_native, id=2432, stack(0x01820000,0x01870000)]
  0x44439800 JavaThread "Attach Listener" daemon [_thread_blocked, id=1104, stack(0x44780000,0x447d0000)]
  0x44436800 JavaThread "Signal Dispatcher" daemon [_thread_blocked, id=3388, stack(0x01280000,0x012d0000)]
  0x44415c00 JavaThread "Finalizer" daemon [_thread_blocked, id=2360, stack(0x01300000,0x01350000)]
  0x443f0000 JavaThread "Reference Handler" daemon [_thread_blocked, id=2612, stack(0x01200000,0x01250000)]
  0x018abc00 JavaThread "main" [_thread_blocked, id=2916, stack(0x003c0000,0x00410000)]

Other Threads:
  0x443e8c00 VMThread [stack: 0x445f0000,0x44640000] [id=1432]
  0x4445d000 WatcherThread [stack: 0x44870000,0x448c0000] [id=2780]

VM state:not at safepoint (normal execution)

VM Mutex/Monitor currently owned by a thread: None

Heap:
 def new generation   total 12416K, used 7575K [0x03c00000, 0x04970000, 0x19150000)
  eden space 11072K,  59% used [0x03c00000, 0x0427b750, 0x046d0000)
  from space 1344K,  69% used [0x04820000, 0x0490a7d8, 0x04970000)
  to   space 1344K,   0% used [0x046d0000, 0x046d0000, 0x04820000)
 tenured generation   total 27268K, used 23471K [0x19150000, 0x1abf1000, 0x43c00000)
   the space 27268K,  86% used [0x19150000, 0x1a83bc30, 0x1a83be00, 0x1abf1000)
 Metaspace       used 30702K, capacity 31519K, committed 31616K, reserved 32128K

Card table byte_map: [0x43c00000,0x43e10000] byte_map_base: 0x43be2000

Polling page: 0x00190000

CodeCache: size=32768Kb used=5785Kb max_used=5785Kb free=26982Kb
 bounds [0x01b80000, 0x02128000, 0x03b80000]
 total_blobs=3223 nmethods=2779 adapters=373
 compilation: enabled

Compilation events (10 events):
Event: 14.941 Thread 0x4442a000 nmethod 2826 0x02126088 code [0x02126180, 0x02126210]
Event: 14.942 Thread 0x4442a000 2827             org.gradle.api.internal.project.taskfactory.DefaultTaskClassValidatorExtractor::getFields (49 bytes)
Event: 14.943 Thread 0x4442a000 nmethod 2827 0x02126248 code [0x02126390, 0x02126598]
Event: 14.945 Thread 0x4442a000 2828             java.util.Formatter$Conversion::isValid (47 bytes)
Event: 14.945 Thread 0x4442a000 nmethod 2828 0x02126848 code [0x02126960, 0x02126aa4]
Event: 14.945 Thread 0x4442a000 2829             java.util.Formatter$Conversion::isText (32 bytes)
Event: 14.945 Thread 0x4442a000 nmethod 2829 0x02126b48 code [0x02126c40, 0x02126cd0]
Event: 14.951 Thread 0x4442a000 2830             jdk.internal.org.objectweb.asm.ByteVector::enlarge (51 bytes)
Event: 14.951 Thread 0x4442a000 nmethod 2830 0x02126d08 code [0x02126e10, 0x02126fbc]
Event: 14.956 Thread 0x4442a000 2831             java.util.Formatter$FormatSpecifier::<init> (246 bytes)

GC Heap History (10 events):
Event: 14.084 GC heap before
{Heap before GC invocations=96 (full 3):
 def new generation   total 12416K, used 11742K [0x03c00000, 0x04970000, 0x19150000)
  eden space 11072K,  99% used [0x03c00000, 0x046c90f8, 0x046d0000)
  from space 1344K,  51% used [0x046d0000, 0x0477e8b8, 0x04820000)
  to   space 1344K,   0% used [0x04820000, 0x04820000, 0x04970000)
 tenured generation   total 27268K, used 21748K [0x19150000, 0x1abf1000, 0x43c00000)
   the space 27268K,  79% used [0x19150000, 0x1a68d290, 0x1a68d400, 0x1abf1000)
 Metaspace       used 28050K, capacity 28582K, committed 28672K, reserved 29056K
Event: 14.088 GC heap after
Heap after GC invocations=97 (full 3):
 def new generation   total 12416K, used 757K [0x03c00000, 0x04970000, 0x19150000)
  eden space 11072K,   0% used [0x03c00000, 0x03c00000, 0x046d0000)
  from space 1344K,  56% used [0x04820000, 0x048dd608, 0x04970000)
  to   space 1344K,   0% used [0x046d0000, 0x046d0000, 0x04820000)
 tenured generation   total 27268K, used 21767K [0x19150000, 0x1abf1000, 0x43c00000)
   the space 27268K,  79% used [0x19150000, 0x1a691e88, 0x1a692000, 0x1abf1000)
 Metaspace       used 28050K, capacity 28582K, committed 28672K, reserved 29056K
}
Event: 14.279 GC heap before
{Heap before GC invocations=97 (full 3):
 def new generation   total 12416K, used 11829K [0x03c00000, 0x04970000, 0x19150000)
  eden space 11072K, 100% used [0x03c00000, 0x046d0000, 0x046d0000)
  from space 1344K,  56% used [0x04820000, 0x048dd608, 0x04970000)
  to   space 1344K,   0% used [0x046d0000, 0x046d0000, 0x04820000)
 tenured generation   total 27268K, used 21767K [0x19150000, 0x1abf1000, 0x43c00000)
   the space 27268K,  79% used [0x19150000, 0x1a691e88, 0x1a692000, 0x1abf1000)
 Metaspace       used 28736K, capacity 29320K, committed 29440K, reserved 30080K
Event: 14.286 GC heap after
Heap after GC invocations=98 (full 3):
 def new generation   total 12416K, used 1209K [0x03c00000, 0x04970000, 0x19150000)
  eden space 11072K,   0% used [0x03c00000, 0x03c00000, 0x046d0000)
  from space 1344K,  90% used [0x046d0000, 0x047fe698, 0x04820000)
  to   space 1344K,   0% used [0x04820000, 0x04820000, 0x04970000)
 tenured generation   total 27268K, used 21779K [0x19150000, 0x1abf1000, 0x43c00000)
   the space 27268K,  79% used [0x19150000, 0x1a694dd0, 0x1a694e00, 0x1abf1000)
 Metaspace       used 28736K, capacity 29320K, committed 29440K, reserved 30080K
}
Event: 14.488 GC heap before
{Heap before GC invocations=98 (full 3):
 def new generation   total 12416K, used 12281K [0x03c00000, 0x04970000, 0x19150000)
  eden space 11072K, 100% used [0x03c00000, 0x046d0000, 0x046d0000)
  from space 1344K,  90% used [0x046d0000, 0x047fe698, 0x04820000)
  to   space 1344K,   0% used [0x04820000, 0x04820000, 0x04970000)
 tenured generation   total 27268K, used 21779K [0x19150000, 0x1abf1000, 0x43c00000)
   the space 27268K,  79% used [0x19150000, 0x1a694dd0, 0x1a694e00, 0x1abf1000)
 Metaspace       used 29397K, capacity 30085K, committed 30208K, reserved 31104K
Event: 14.496 GC heap after
Heap after GC invocations=99 (full 3):
 def new generation   total 12416K, used 1296K [0x03c00000, 0x04970000, 0x19150000)
  eden space 11072K,   0% used [0x03c00000, 0x03c00000, 0x046d0000)
  from space 1344K,  96% used [0x04820000, 0x04964090, 0x04970000)
  to   space 1344K,   0% used [0x046d0000, 0x046d0000, 0x04820000)
 tenured generation   total 27268K, used 22215K [0x19150000, 0x1abf1000, 0x43c00000)
   the space 27268K,  81% used [0x19150000, 0x1a701db0, 0x1a701e00, 0x1abf1000)
 Metaspace       used 29397K, capacity 30085K, committed 30208K, reserved 31104K
}
Event: 14.674 GC heap before
{Heap before GC invocations=99 (full 3):
 def new generation   total 12416K, used 12368K [0x03c00000, 0x04970000, 0x19150000)
  eden space 11072K, 100% used [0x03c00000, 0x046d0000, 0x046d0000)
  from space 1344K,  96% used [0x04820000, 0x04964090, 0x04970000)
  to   space 1344K,   0% used [0x046d0000, 0x046d0000, 0x04820000)
 tenured generation   total 27268K, used 22215K [0x19150000, 0x1abf1000, 0x43c00000)
   the space 27268K,  81% used [0x19150000, 0x1a701db0, 0x1a701e00, 0x1abf1000)
 Metaspace       used 29968K, capacity 30737K, committed 30848K, reserved 31104K
Event: 14.683 GC heap after
Heap after GC invocations=100 (full 3):
 def new generation   total 12416K, used 1195K [0x03c00000, 0x04970000, 0x19150000)
  eden space 11072K,   0% used [0x03c00000, 0x03c00000, 0x046d0000)
  from space 1344K,  88% used [0x046d0000, 0x047fac18, 0x04820000)
  to   space 1344K,   0% used [0x04820000, 0x04820000, 0x04970000)
 tenured generation   total 27268K, used 22843K [0x19150000, 0x1abf1000, 0x43c00000)
   the space 27268K,  83% used [0x19150000, 0x1a79eff0, 0x1a79f000, 0x1abf1000)
 Metaspace       used 29968K, capacity 30737K, committed 30848K, reserved 31104K
}
Event: 14.841 GC heap before
{Heap before GC invocations=100 (full 3):
 def new generation   total 12416K, used 12267K [0x03c00000, 0x04970000, 0x19150000)
  eden space 11072K, 100% used [0x03c00000, 0x046d0000, 0x046d0000)
  from space 1344K,  88% used [0x046d0000, 0x047fac18, 0x04820000)
  to   space 1344K,   0% used [0x04820000, 0x04820000, 0x04970000)
 tenured generation   total 27268K, used 22843K [0x19150000, 0x1abf1000, 0x43c00000)
   the space 27268K,  83% used [0x19150000, 0x1a79eff0, 0x1a79f000, 0x1abf1000)
 Metaspace       used 30479K, capacity 31270K, committed 31360K, reserved 32128K
Event: 14.850 GC heap after
Heap after GC invocations=101 (full 3):
 def new generation   total 12416K, used 937K [0x03c00000, 0x04970000, 0x19150000)
  eden space 11072K,   0% used [0x03c00000, 0x03c00000, 0x046d0000)
  from space 1344K,  69% used [0x04820000, 0x0490a7d8, 0x04970000)
  to   space 1344K,   0% used [0x046d0000, 0x046d0000, 0x04820000)
 tenured generation   total 27268K, used 23471K [0x19150000, 0x1abf1000, 0x43c00000)
   the space 27268K,  86% used [0x19150000, 0x1a83bc30, 0x1a83be00, 0x1abf1000)
 Metaspace       used 30479K, capacity 31270K, committed 31360K, reserved 32128K
}

Deoptimization events (0 events):
No events

Internal exceptions (10 events):
Event: 14.295 Thread 0x4565e800 Exception <a 'java/lang/ClassNotFoundException': org/gradle/api/plugins/BasePluginConventionCustomizer> (0x03cadac0) thrown at [C:\re\workspace\8-2-build-windows-i586-cygwin\jdk8u111\7883\hotspot\src\share\vm\classfile\systemDictionary.cpp, line 210]
Event: 14.399 Thread 0x4565e800 Exception <a 'java/lang/ArrayIndexOutOfBoundsException'> (0x0416c258) thrown at [C:\re\workspace\8-2-build-windows-i586-cygwin\jdk8u111\7883\hotspot\src\share\vm\runtime\sharedRuntime.cpp, line 605]
Event: 14.463 Thread 0x4565e800 Exception <a 'java/lang/ArrayIndexOutOfBoundsException'> (0x0455c990) thrown at [C:\re\workspace\8-2-build-windows-i586-cygwin\jdk8u111\7883\hotspot\src\share\vm\runtime\sharedRuntime.cpp, line 605]
Event: 14.485 Thread 0x4565e800 Exception <a 'java/lang/ArrayIndexOutOfBoundsException'> (0x046b6f88) thrown at [C:\re\workspace\8-2-build-windows-i586-cygwin\jdk8u111\7883\hotspot\src\share\vm\runtime\sharedRuntime.cpp, line 605]
Event: 14.624 Thread 0x4565e800 Exception <a 'java/lang/ArrayIndexOutOfBoundsException'> (0x0433cd20) thrown at [C:\re\workspace\8-2-build-windows-i586-cygwin\jdk8u111\7883\hotspot\src\share\vm\runtime\sharedRuntime.cpp, line 605]
Event: 14.654 Thread 0x4565e800 Exception <a 'java/lang/ArrayIndexOutOfBoundsException'> (0x0458b188) thrown at [C:\re\workspace\8-2-build-windows-i586-cygwin\jdk8u111\7883\hotspot\src\share\vm\runtime\sharedRuntime.cpp, line 605]
Event: 14.657 Thread 0x4565e800 Exception <a 'java/lang/ArrayIndexOutOfBoundsException'> (0x045b0dd0) thrown at [C:\re\workspace\8-2-build-windows-i586-cygwin\jdk8u111\7883\hotspot\src\share\vm\runtime\sharedRuntime.cpp, line 605]
Event: 14.752 Thread 0x4565e800 Exception <a 'java/lang/NoSuchMethodError': java.lang.Object.lambda$static$0(Ljava/util/Set;Ljava/util/Set;)Z> (0x03ff6138) thrown at [C:\re\workspace\8-2-build-windows-i586-cygwin\jdk8u111\7883\hotspot\src\share\vm\interpreter\linkResolver.cpp, line 582]
Event: 14.752 Thread 0x4565e800 Exception <a 'java/lang/NoSuchMethodError': java.lang.Object.lambda$static$1(Ljava/util/Set;Ljava/util/Set;)Z> (0x03ff8ba0) thrown at [C:\re\workspace\8-2-build-windows-i586-cygwin\jdk8u111\7883\hotspot\src\share\vm\interpreter\linkResolver.cpp, line 582]
Event: 14.753 Thread 0x4565e800 Exception <a 'java/lang/NoSuchMethodError': java.lang.Object.lambda$static$2(Ljava/util/Set;Ljava/util/Set;)Z> (0x03ffb278) thrown at [C:\re\workspace\8-2-build-windows-i586-cygwin\jdk8u111\7883\hotspot\src\share\vm\interpreter\linkResolver.cpp, line 582]

Events (10 events):
Event: 14.952 loading class com/android/build/gradle/internal/scope/AndroidTask
Event: 14.952 loading class com/android/build/gradle/internal/scope/AndroidTask done
Event: 14.952 loading class com/android/build/gradle/internal/tasks/DependencyReportTask
Event: 14.952 loading class com/android/build/gradle/internal/tasks/DependencyReportTask done
Event: 14.952 loading class com/android/build/gradle/internal/tasks/DependencyReportTask
Event: 14.952 loading class com/android/build/gradle/internal/tasks/DependencyReportTask done
Event: 14.954 loading class com/android/build/gradle/internal/AndroidDependenciesRenderer
Event: 14.954 loading class com/android/build/gradle/internal/AndroidDependenciesRenderer done
Event: 14.956 loading class com/android/build/gradle/internal/tasks/SigningReportTask
Event: 14.956 loading class com/android/build/gradle/internal/tasks/SigningReportTask done


Dynamic libraries:
0x01350000 - 0x01383000 	C:\Program Files\Java\jdk1.8.0_111\bin\java.exe
0x77450000 - 0x7758c000 	C:\Windows\SYSTEM32\ntdll.dll
0x758b0000 - 0x75984000 	C:\Windows\system32\kernel32.dll
0x75620000 - 0x7566a000 	C:\Windows\system32\KERNELBASE.dll
0x75c70000 - 0x75d10000 	C:\Windows\system32\ADVAPI32.dll
0x77070000 - 0x7711c000 	C:\Windows\system32\msvcrt.dll
0x75da0000 - 0x75db9000 	C:\Windows\SYSTEM32\sechost.dll
0x75fc0000 - 0x76061000 	C:\Windows\system32\RPCRT4.dll
0x77280000 - 0x77349000 	C:\Windows\system32\USER32.dll
0x77350000 - 0x7739e000 	C:\Windows\system32\GDI32.dll
0x758a0000 - 0x758aa000 	C:\Windows\system32\LPK.dll
0x762a0000 - 0x7633d000 	C:\Windows\system32\USP10.dll
0x74310000 - 0x744ae000 	C:\Windows\WinSxS\x86_microsoft.windows.common-controls_6595b64144ccf1df_6.0.7601.17514_none_41e6975e2bd6f2b2\COMCTL32.dll
0x760d0000 - 0x76127000 	C:\Windows\system32\SHLWAPI.dll
0x77430000 - 0x7744f000 	C:\Windows\system32\IMM32.DLL
0x77590000 - 0x7765c000 	C:\Windows\system32\MSCTF.dll
0x6ad10000 - 0x6adcf000 	C:\Program Files\Java\jdk1.8.0_111\jre\bin\msvcr100.dll
0x5ac00000 - 0x5afcd000 	C:\Program Files\Java\jdk1.8.0_111\jre\bin\client\jvm.dll
0x73070000 - 0x73077000 	C:\Windows\system32\WSOCK32.dll
0x76160000 - 0x76195000 	C:\Windows\system32\WS2_32.dll
0x77660000 - 0x77666000 	C:\Windows\system32\NSI.dll
0x71430000 - 0x71462000 	C:\Windows\system32\WINMM.dll
0x74aa0000 - 0x74aa9000 	C:\Windows\system32\VERSION.dll
0x76070000 - 0x76075000 	C:\Windows\system32\PSAPI.DLL
0x73200000 - 0x7320c000 	C:\Program Files\Java\jdk1.8.0_111\jre\bin\verify.dll
0x724d0000 - 0x724f1000 	C:\Program Files\Java\jdk1.8.0_111\jre\bin\java.dll
0x72e60000 - 0x72e73000 	C:\Program Files\Java\jdk1.8.0_111\jre\bin\zip.dll
0x76420000 - 0x7706a000 	C:\Windows\system32\SHELL32.dll
0x77120000 - 0x7727c000 	C:\Windows\system32\ole32.dll
0x755a0000 - 0x755ab000 	C:\Windows\system32\profapi.dll
0x724b0000 - 0x724c6000 	C:\Program Files\Java\jdk1.8.0_111\jre\bin\net.dll
0x75010000 - 0x7504c000 	C:\Windows\system32\mswsock.dll
0x74fd0000 - 0x74fd6000 	C:\Windows\System32\wship6.dll
0x72f50000 - 0x72f5f000 	C:\Program Files\Java\jdk1.8.0_111\jre\bin\nio.dll
0x6df60000 - 0x6df79000 	C:\Users\Jiyan\.gradle\native\25\windows-i386\native-platform.dll
0x72bd0000 - 0x72bda000 	C:\Program Files\Java\jdk1.8.0_111\jre\bin\management.dll
0x75050000 - 0x75066000 	C:\Windows\system32\CRYPTSP.dll
0x74dc0000 - 0x74dfb000 	C:\Windows\system32\rsaenh.dll
0x74c00000 - 0x74c17000 	C:\Windows\system32\USERENV.dll
0x75520000 - 0x7552c000 	C:\Windows\system32\CRYPTBASE.dll
0x73ac0000 - 0x73adc000 	C:\Windows\system32\IPHLPAPI.DLL
0x73aa0000 - 0x73aa7000 	C:\Windows\system32\WINNSI.DLL
0x738d0000 - 0x738e2000 	C:\Windows\system32\dhcpcsvc.DLL
0x739b0000 - 0x739bd000 	C:\Windows\system32\dhcpcsvc6.DLL
0x6cfd0000 - 0x6d0bb000 	C:\Windows\system32\dbghelp.dll

VM Arguments:
jvm_args: -Xmx1024m -Dfile.encoding=windows-1252 -Duser.country=US -Duser.language=en -Duser.variant 
java_command: org.gradle.launcher.daemon.bootstrap.GradleDaemon 4.1
java_class_path (initial): C:\Users\Jiyan\.gradle\wrapper\dists\gradle-4.1-all\bzyivzo6n839fup2jbap0tjew\gradle-4.1\lib\gradle-launcher-4.1.jar
Launcher Type: SUN_STANDARD

Environment Variables:
PATH=C:\Program Files\Java\jdk1.7.0_79\bin;C:\Program Files\WIDCOMM\Bluetooth Software\;C:\Program Files\Intel\WiFi\bin\;C:\Program Files\Common Files\Intel\WirelessCommon\;C:\Program Files\Git\cmd;C:\Program Files\Git\mingw32\bin;C:\Program Files\Git\usr\bin;C:\Program Files\Skype\Phone\
USERNAME=Jiyan
OS=Windows_NT
PROCESSOR_IDENTIFIER=x86 Family 6 Model 37 Stepping 5, GenuineIntel



---------------  S Y S T E M  ---------------

OS: Windows 7 Build 7601 (6.1.7601.17514)

CPU:total 4 (2 cores per cpu, 2 threads per core) family 6 model 37 stepping 5, cmov, cx8, fxsr, mmx, sse, sse2, sse3, ssse3, sse4.1, sse4.2, popcnt, ht, tsc, tscinvbit

Memory: 4k page, physical 3070652k(556264k free), swap 6139548k(3375116k free)

vm_info: Java HotSpot(TM) Client VM (25.111-b14) for windows-x86 JRE (1.8.0_111-b14), built on Sep 22 2016 18:54:33 by "java_re" with MS VC++ 10.0 (VS2010)

time: Mon May 07 09:36:24 2018
elapsed time: 14 seconds (0d 0h 0m 14s)

